<?xml version="1.0" encoding="UTF-8"?>
<testng-results ignored="0" total="2" passed="2" failed="0" skipped="0">
  <reporter-output>
  </reporter-output>
  <suite started-at="2024-02-15T12:19:55Z" name="Default suite" finished-at="2024-02-15T12:20:17Z" duration-ms="21401">
    <groups>
    </groups>
    <test started-at="2024-02-15T12:19:55Z" name="Default test" finished-at="2024-02-15T12:20:17Z" duration-ms="21401">
      <class name="org.Mainclass.Login">
        <test-method is-config="true" signature="launch()[pri:0, instance:org.Mainclass.Login@5a3bc7ed]" started-at="2024-02-15T12:19:55Z" name="launch" finished-at="2024-02-15T12:20:04Z" duration-ms="8838" status="PASS">
          <reporter-output>
          </reporter-output>
        </test-method> <!-- launch -->
        <test-method signature="Loginone()[pri:1, instance:org.Mainclass.Login@5a3bc7ed]" started-at="2024-02-15T12:20:04Z" name="Loginone" finished-at="2024-02-15T12:20:06Z" duration-ms="2003" status="PASS">
          <reporter-output>
          </reporter-output>
        </test-method> <!-- Loginone -->
        <test-method signature="createbott()[pri:2, instance:org.Mainclass.Login@5a3bc7ed]" started-at="2024-02-15T12:20:06Z" name="createbott" finished-at="2024-02-15T12:20:17Z" duration-ms="10526" status="PASS">
          <reporter-output>
          </reporter-output>
        </test-method> <!-- createbott -->
      </class> <!-- org.Mainclass.Login -->
    </test> <!-- Default test -->
  </suite> <!-- Default suite -->
</testng-results>
